15199842482:605032811110,788973701853,1078716968046,689570977339
151179931815:744340991212,881551883612,988765605187,280053806364
387838965966:593898866247
1028024674946:272833140222,692062384747,773395766922,737458110124
985560319932:380873791325,439976596140
14744015281:675400423575,629283611345,150397462459
267164592638:659639567815,937720683941,380969276032
815544402706:1077869981918,654364957592,991411110302
196757285837:999042192022,1084417128370,647935510545
611759623022:392075927959,687084267313,311103799632
753614315112:747635020680,691663776603,39962902652,657608052090
111557640057:954410361090,120704934658
53950387291:718366624833,385067491793,139508047659
150045742938:448463198033,147430784123
589623558181:791175593128
211184480286:1005824436893,998922802256,655144067956
848306965334:360122974576,369351303632
913099945020:283766301299,752406858940,863520117492,254497090655
784443278254:268877041545,82145654286
923092284886:720336376358
26384908585:982310520934,283972317213,285205721747
15573903015:809247536778,884943630504
569596500864:770665808535,117808208006
402497593678:145409820788
489332916403:24651661329,730532672652,51201582400
799941123051:859671302899
593879666648:792243495606,312490931428,634438485646,795075633546
365268227477:587903778131,759195983935
234969658797:955365634853,532105717,228813079018,635639903890
808219412506:584000513796
1081739685978:922936019507,464711986386,46237727779
495305782582:182921569556
283198261051:838893381416,185778236337,208439293202,98184591274
156933967007:136354835850,149840263977,212093311568
881666706134:480688975711
355604488531:721945031102,674621943241
1051919584232:71986312397,546071072874,1079571702021
384335000057:230332352598
867925407357:38294026323,1074219803296,534390161134
777131318282:902509786371,256562992133
606366542646:909697174554,647088044514
583540698240:371785869567,603802623860,861583975603
429866161674:43353219367
665626180572:322121675456,859645089248,867937072807
55331108889:1013286725571,874210481212,665488573818,1068291325379
170454402521:106082126547,417826617366
842761980235:517299591157,44195803494,275369942536
1098343688032:942046603892,411809128201,4779676524
762647419466:131762300083,141604499566,27300631860
442263410974:378358547784,196521803514,155639809762
688060051090:414829100775
816231666614:684254922245
235472743795:269611421271,466894457436
419652823443:721009519975
4402416643:417942802994,822951317919
487030825157:241513935116,94560736117,288425660997,486424906891
78236577627:838148029163
602564321414:1050946167089,16320164834,913300308051,714867465312
587083549420:306171424398,114913474124,316685305950
667498883125:1043415492871,919061474395,915924491656
762953984395:977897218553,876014722757,420756781533
391133494728:92768741721,460532169001,859033411707,138825343692
357800071452:286747539845,554970507142
306399755811:711963994226,41777538007
78565179193:162605005028
180877379303:962762263015
419563809197:24488708596
111174313855:167690092340,600084271338,70938792685
402655731065:1092388168597,245938185090,785681716696
535421638687:1056507323351
313791114205:58135147637
1076861495661:221133689330,468798001495
642871432004:1030688600523,556608634568,763339245500,1019373420215
1092098449239:815136754301,823134964686,585163852619,63919230925
404299324946:81222575437,1025075106451,29965643785
157824528952:163184798996,395396150124
846624762453:947859376295,182623934113,806276239448
447244037582:33999906586,214084556062
752045545783:328666684536,977878609831,443537815188,728126378934
1095642375937:318660285362,454414289278,1094449737488,760618879192
10567062893:404249446321
663991249606:1074271536331,879506362519,862493670520,974173773083
664890957347:328409031146,380933721526,454187438448
402904471023:874381726785,314950900228,1015787676741
628375086967:13718069760
665779649595:10134843519,1018672181429,83192058787
778080340501:1031281928944
312974060825:710515648767,296902491778
277806291897:1062645886006,192547704098,760422903387
725566488977:138743024274,576055789554
87414214051:934267639870,228301442870,178477221213
887572193864:801301139873,608392169827
495231262236:567626057812,180882408306,859109801553,605564596745
637134309596:822600825111
736992219009:141253732846,386899574,1061720573743
246379811984:890891252271,1017887772688
714892225246:174918948989,784260999434,104147017425
948779474120:1080648164042
823463527124:986438119827,274497880025,654385502292,864607070053
540228192138:886851059564,550786929325,305119113324,182421544079
433822479716:774532158914
78860217767:23703606300,1023163247129
612900653124:837326772920,251760536254
38827474291:130510940053,710841781885,754699582064,1046536316988
680172821687:309458990486,734621752908
823742670811:682375805324,303060499490,469167791645
434617945748:847641460503,989466523334,682872043260,381195766278
855054503425:670039345160,49887477113
660630105178:548010290041,496072997630,505662980893
180779174585:758110747652
278956936608:580494377337
602293638250:643750595511
188988289681:699326735553,1080964640457
137258757045:1049284647743
1052281259447:324986716442,212447955375
43613504596:932952366389,206136374964
905479383545:988030191196,631999164790,695325763041,1020437866688
1055870301460:953552879400,876245988095,216162688401,847567789856
178990920916:720829096575
112429358656:644785768602,971194417016,329832137769,1034144315384
1040617168414:1067690231982,1079609970000,322951428109
534932433406:767989441838
92504324046:189006963765
617801762533:375763031488,267898674507
624923938322:963366017155,717896858741,296793345236,1046249379618
792238063326:527794569203,304679886262,588498860312
118015287425:338453137408,589024431498,634724697439,311447923455
950270438338:1009405537537,906435674059
608107501827:736174544927,626426600187,877886515077,391337548405
667242009631:138851092752,839126802238
431647714393:507312861942
158768930024:928452272614,944949170402
891032310529:723986955424,388014035165,1022875804334,183767970376
753265677349:515946290403,684412662373,404759103468,665481958166
106743027331:585000657978,551072076032,652615887843,166394540705
94311504461:365784700320,132231363495,800001657461
648000315861:734334845638,19431097409,1056140028708
650608065836:26181242614,1081556437704
309699656411:616649589071,987668799957,548268080098
1095754654948:810744672306,314180307698,623188955983,603145570020
821968374967:94623161540
618480441880:628154203446,806756482137,1010637179842
336832761176:336784845477,664331548428,997341406077
918760829219:913619215382,140344476079,35647478445
240990166692:1007040755725,589154993812
679065392023:374715434672,971113035423,202424350403
398423427334:871226329064,284759291698
126544652597:22559836162
290395561389:22138747151,153445425950,891602769111,914149225708
233594953043:145650323673,778981993867,43948133890
618587484350:536658883762,566269320039,370992947803
785635382960:30855418057,43248470285,178411606217
218849805431:151541721876,584103344094
856679657073:953962772992
760527442058:266629135020,828590571352,1052620146570,801634278862
1045417291638:154889706293,285830678971
558783791188:37247166538,939579204128,206136003708,309030711348
1033511499165:90484600394,353557265360
496921798546:934636649989,3362507070
460935779025:485370092082
396267704712:741149673107,154467429834
941319736197:404028422404,378538694064
454914561404:640341771966,230769386362,515814083696
673639351642:154538530227,220549833942,336566142233
786075779996:180581021140,563026432825
1002290428811:951856358936,1019832410020,573722115754,913485938542
583355514788:237635498144,770049169406
227225421847:356361412389,973260812112,413950626585
957169640800:929051387597,444496046698,763591747904
700041107091:775583743947,162846148417,441059051708
541162845117:204975040338,167335460658
818674963840:579152197132
858232314308:8734554141,407721471973,31967538497,1093044040351
707558835038:758749210438,118314281525
94933030046:161605420264
491180365494:383638724862,1071996091873
373548511967:668102930401,622466443615
299594039325:1061083309152,4734782535
10274329166:285965279293,519991167765
736906389000:808899517977,707960221755,778748477686
801162665473:1057384661798,706851179235
610000394466:182425445091,364298789815,107134538261
1081913698350:898368706312,312026563643,639358571356
890683512364:943705792751,441225899654,892580755878
387559158269:461808102862,1011409659456,903855173714,449897947484
117666630387:75436982524,1009535496738,808358323973,199963971818
162899053904:675797159291,351074746864
832886005983:852912459356,825475111901,24681687622,55529085740
121385789973:990619522666,575514692868,366892251325,250720059551
916807525850:5202606354,77331938373,443024366034
1081591131130:340520158278
374554371497:194543696399,948010338155
38307084157:741733391750
60638279187:243325900321,240788957438,724148613434,990651561979
238917713400:394594602011,259452140483
109372897551:896284406189,207248842818
459041761952:318772946054,18392058270,772113567174
299791746345:956687590760
456132439000:5595503363,213217781073
324832485306:1068879535616,485033315720
687956963872:575575637079,540856086304
792379330465:978432469555
9675831514:839698197840
1773894126:307050633635,44755157598
806113076006:29259188142,105618644877,821534865549,781098694229
143067755453:150245766682,340656963097
345165928320:142074867344,140575403301
831141710246:70186700198,147503824867,572648248642
218960059900:487603221694,975074594317,792214112513
736107427705:40970575284,19032787595,888867169119
278228155009:289672808549,1018533000422,630800338925,847947245439
235219920323:252226102910,737136183323
744943166584:582172303558,926970504754,619712640049,1098816071952
223296810948:347892746486,1016249084042
1077874435852:389540910369,708786510113
970053624891:906746695578,424748211934
900587243172:407393359861,555860613151,506085962062,372799259058
956384954658:638440822153,771086731360,634326998223
316606605946:968535860871,106638641124,577316257497,84022588867
977972567843:1037450061597,278033598226,116443411113,287866337393
714734315643:646012459093,831089317414
651660331540:833415254339,605934953776,1013786077361,237636743083
147441397838:905789830389
411349104032:750780602931,48815658206,1078668294018,486647451320
111918437872:882253333804,136548890454,531078640044,21033891291
217310006832:521350102193,546944642128,155018395586
661793396325:771022009767,647939870636
788182809316:334905294506,93227548630,1024337998402,607966692386
135426701355:156677045103,585300955675
502433334132:984089768919,518872884019
107005611482:687782080283
930184487168:736838577824,64106834681,800581481266
683337464251:1004123586418
749776362173:1018820512527,491334391725
53343484977:478046896890,157831114773,938090301932
967539965690:591916495116
875971015474:774177107176
726723599557:504503066565,77106634369
1031021688200:455739052602,331055188099,872604464565
902987958728:121270124389,1077491626377,488412628246,894524079836
1066008807640:471765452131
742121220590:983483792517
484948762326:112864170802,358425064340
402088926770:860986597967
860549325291:76617532678,1088100156886,650456606787
553411810982:1091689195526,982026947849
236761353269:750941584714,767380229182
328354681835:7749269260,874035483495
1098776440756:649102763537,706172815364,361576325961
159093059885:766130246657,239700901671,757817345875,425303983218
639056011381:783716357188,861231177982,149355537816,468775552021
419202719213:719781116152,244853522370,981046553137,130167838090
389241484119:915216937940,751078455176
592375260462:616324190037,605640727764
718475716176:582451676222,749694816457
1057942809766:129688520146,439432977635
641228481421:27750647303,978097029851,648986643266,7283770752
860237946927:617626791215,889288545283,25667590144
528413507496:271335514586
854160405190:550792853285
722773503882:1044399385149,113114963148,537127860122,450274301543
229762400097:307415048783,644256570334
26080403127:43545888227
607960496322:927291980724,596816039909,78296592306,980858830973
1096078067332:253104692415,649107787742
622110811458:910068368430,972279235088,246305963621,699229253171
274341123727:826057708947
243823425496:779005974479,482454005690,381631520373,663636971129
18805132080:559223759971
1023683445069:1068668322561,167103569225,422281616481
790675151099:387657480315
549945056075:92214703008
625831707157:832435148025,302197466493,988662590265,553325019002
857645475735:448547617195,46942818644,1023560138777
251686202269:1094986525443,599281485221,532731627490,275245603219
296532918888:223060944819,249737762510,285628586917,433451901496
730386304333:182571953004,419969766243,857309874435
1021551163838:186383755798,1083462437687
347022671445:651345180866
366688184336:541992348556
1075644449296:958489051302
654126429439:436359942243,1088030548011,368882640816
568373125178:410563108477
31642373677:284700923854,295114908900,549917501911
956640920311:348477264593
1049639590993:1023676283504
605577417830:522647642789,778468869305
923458161192:808359299240
774402849566:779308004523,1002568845923,1039192762547
538678799583:433354657348,363834365411
587830218401:390867904907,568118893933,238258922815,718402149445
1056270830109:852947770289
1010169615508:275394829717,630205476835,345309892375
818954067780:534450499636
638824625248:242229621679,25163001882
1016051013936:634671016277
540801212829:617723601145,356060017199
321493607510:442349298462,979775437959,936997173470,696299898108
422123336606:54719634649,460161783992,447846430493
903556199462:830210186883,769573333703,508965943624
776744145211:999836801944,48986168200,112085504842
409076355521:148482090316,502436902292
845306562235:72283588764,131990514639
1050073718184:347985861384
775211018315:649889967784,769089973096
282244836899:123796644273
115602459919:597732138470,1084216276078
621251572992:474880044913,479536600717
533800979312:758372765619,575421093004,507418778634,92394560332
747735524494:181838177598,725330046322
163868136200:954531355861,850745283362,6866697249,561685967236
105873919628:615300463403
566500269161:88465913087,838779259529
932425947380:266149805541,55458754542
205608131547:706355633516,298615546592
50591636472:600364292917,595612751542
107145265546:694356012691
332871582560:529599630708,59266355568,365154299386
901559985434:113974108126,928001215565,204078144241,1033474661053
322196344807:1069491083810,451419012952,886042635463,773546115363
373948402657:328196751588,362581743210,915576972673,110090383863
855363884083:658230199099,921586877529
1037299289462:93862361904
794827412225:343689167570
975161315640:756781852307,142965712121,559113169198,256103045982
870129026920:635152304155,752455910648
482060738116:800365800982
8743973703:618451780693,291587535304
121893653059:819698153057,554487128724,404180375300
238012140066:590977209198,39149202745,772461152888,997406945322
1079323356597:903229864034,410177333603
6985280509:990741510274
122689390259:843179432753
392067294862:44274129642,561965005596
348780208511:103176887397,426099753150,1007805411137
540248813544:1074698943119
954682795700:937743699813
394805142695:917374264417,686168820159
1028871703241:136629161437
977173866527:133705582802,195065292699
962892179599:914866809919,973749492114,575790582692
799443004025:394797250849,519818497497,674585391822,377000207356
637771701780:866489542744,27676601398
362874339210:59090357689,887880876207,567836653787
351233873621:683601303089,97336930639,878843401053
712536164825:467114705574,483664043235,668562021408,428423788420
733141765535:18379493265,332867264036,1063503587038,826688930437
836956230446:266893839796,1004938688795,1079168875025,947626962288
329100068340:854333973919,174423580943,860585149269
240108284386:19398909969,4583534981
523484912340:895940382867
347102983102:20590974327
835971395421:983540476213
794777770435:787873337937,33966855409,870604757075,141266862123
996662743867:185852125326,116742688383
535322039988:366755582781
670724848379:475408951925,215080246379
205931362065:872081655399,23292989326,843052905393,337049072084
922352882772:746249839653,967477678542
937388091998:165277912624
376810544801:252917614323,735240655412,117272416043
799582754412:260993644113
416898503345:380359661340,948244412596
16051405978:190541008109
84507245949:341644946548,526549673358
188310275543:118075804624,391618081106,443279471233,1000296497435
1042627750576:3459786236
991437499525:994339470245
319793222944:531322962817,18343912629,831370615578,234242314920
481562406389:664813964725
168463783607:180604727887
818162691932:175673696808,674182917117
786564227806:736704662062
1042464009856:272096713173,558369999316,267704571655,52099897821
765145476293:555426273409
819507910550:1007961894347
892054709006:605522201601
1035491013313:961302389617,142240261551
193846962962:355410652299,316486790999
432289891672:96942435090,482407179435,689991912951,376435349468
515434103627:676894671651,888074860235,321079127944
1062459106720:897601233253,632486545956
102635131703:227684064559,779270218334,668431865854,309900044113
444713018908:242689525007,579094171409,720740104647
881772662915:632065703270
362683503040:115608943989,789952414354,1073093397787
627639068902:620680442295,289058304303,703925144752
773254068371:911385071737,253245894216
117611154917:188947589349,153329606638,849694556275
693304802324:439389490094
974295033683:1020237355968,123956926767
393447840827:689767074028,493867812010,652830394640
125512486205:892775694139,623082936737,394077376990,858459784757
623029261949:787768306252,59251486881
583810168327:775069454105
6397222945:414527745547
629566432502:54890230305,229715784559,243321934154
1036646566362:970815725429,555896897727
930578541810:44917858708,740147823735
226702364055:32945471195
955439780504:659329298368
767162773972:13071719208,1089348627030,358277934287
957904582377:910795215351,573588481371,640113961483,789981492030
653203785866:798269960076,93029899608,232551220754
331180433340:946971525831
357200449910:358414040650,361027971873
879733419593:883917634971,120673685275,281824478713,588429493976
793987811735:669726838626,360134636537,992066011982,466442599947
11467057666:956922152056,586750896683
649267979859:895623593690
916401836827:644328120327,911008398537
758146256973:587768454092,713909269078,99722736862,886906935323
351213986495:1005591480641,886092411386,374856027572
578590471209:1025022320627,881842777872,1089572984846
123070395166:466903031811,648573099563,1048124106372,779167382659
711880617517:153551157642,774498279340,692220757461
773959651687:563572632746,632242533000,699613970088
266053885672:1073088190227,56065961838
431210837554:980731986506
346883497333:477230600747,224665343053,185562148638,12638243225
143627448057:399591942885,131769511575,1068238636467
827659743568:404540222642,1080034011400,406546063487
1055434901755:677131991927,1012663849521,660069051313
599735399559:992567580242,585885949804,1037654814397,810859266197
715470637346:66264195462
741827658231:1049710432615,825027577148,55153170253,885837967532
668866141315:448034262021,609843939184,495344133197
40740284993:188220358923,308193158783,294327542329,468009706869
644679391303:713169076364,120192686792,210818048053,1028495918575
163489037991:588467246225
619099279940:748866865492,494037623687,199777370252,1022276958727
523523791760:1066833228281,588978414532,834343891796
943106061935:454065323270,95637493055
350941951993:809737139206,58179613580
440068654957:747340374199,688076434679
1069781539972:617181451419,720207670067,489201770863
175966037019:186793238676,442556274176
51215658639:55257294460,534270012764,269716111641,21735232983
947734110022:140789159810,104371753427,538456055578
706427491297:686865971438,911206489347,615083149436,521843182734
720964963316:613940920306,709808725094,894596731527
803867209817:341422549430,25125074979
683995962112:229832923493,966884080111
836885644629:913257665186,462039972539
577808705359:430970135598,820556378936,195661159544
119888250022:411145364630,411665057113,527446760891
41191128209:615486757657,379089342851
223882740961:855393543006,373329519972,719905397431
189086038371:1062771533965
1070418000387:1015998927135,755229918969,158176154760,153685703915
588787196113:106332158492,490777488229,664695247089
1067132048939:836224224476,874362659535,936869059252,1012528692038
329772790977:854692173282,393498543580
104808170988:262994232954,901304692088,131277934228
71569422779:615493159132,345988007952,744373241852,161041169042
253475443891:160205972082,417942375236,1075343081918
818595778622:163783268509,1014833356210,178804106399
389645204435:314325995696,769401814160,944161548731,773040626561
16034145770:531747050137,1008149793241,126874181208,968014437082
298083469340:161310848923,508692898303,199694255669,681203056328
665105342661:267630521369,13454951379,870194070104,75872145532
592009447202:1073065017777,494154647882
517690149975:701652066331,472252271396,758553045914,924072095140
32180341237:655221570060
138897404810:666798763127
772825831601:308097791254,520856311614,1009988445917,230805180400
591434855023:362278162655,1024244044950,215337333285
125461216264:1085392517021,1045424359794,891741184009,463995103303
172227117494:1038748150252,45543619460,435065932198,1010733257997
944602160842:1099192087363,339176266988,881577434298,686585129910
644796600670:586910890935,630142515859,443577905262,308752637297
100928807140:783512353531,496521910100,861859601488,487440621290
1062950779252:676685206011,242588595597,459677371663
1074437265418:553050980906,341221461032
992618069011:1040511083083,1007222314110,97237406588
4602190789:320296789406
153148023845:53957077324,143539251643,194638265361,752691735025
89557532526:913044429787,504438981365
1076386085501:1014251151259
570670612966:865265578253,523812919613,802297177636,943913265290
586450844412:395888684111
436026730582:852275510029,150903942847
409035483889:466521174402,297784905504
90193862019:1097332636275,428861456427,801929037225,851927854269
511020332835:1085111861202,63664074083,656474696710,519826202670
682200100083:851718655096,815522663156
32983318959:229780188929,914934300433
291437933834:257177092391,326095410975,479284907844
889963868985:73008194294,295507091542,1094857166955,12205095665
430891697744:300772377287
856094290374:1011844409364
875919530898:560110553969,589290689884
30107692139:701638088461
187651733094:1086429316882
268356655767:971845664557
147684817981:318647554532,799906100299
496216191538:968432550436,13909290752,194416295097,246155570100
798480791676:946780447197,1077843737220,526660953729
923785548581:821583580066,621818413684,280782596085,221636211170
615151546808:922012010597,412369410509
249133544081:227792105629,690969654183
301643959195:826949937963,457194991740,96112629430
349340838204:602997725142,250094870248,836053463312,243772485632
906432703300:1049176503885,959152662503,329270166373,515180936683
491264570000:731947729043,192925790795,919454672284,189716561300
269159970863:903778988135,201649262616
411963485035:342819145875,719325602350,157133213608,255316951301
932505044202:663535199799
1019765297490:114167868467
362661645431:1059771019404,840478633508,318888772803,398857585350
1039153878212:959057146409,922665627096
264373300616:362124566491,991778723964
159400991970:213788185803,945241953509
365303296087:990972571893,316592088391,894362059255
949703827499:318490157220,35885743568,875951076144,439509354952
78646881247:288863370831
994220240898:668734872933
334540954766:1085805066737,573790649261
285327386794:164464978451,554345024349,252913136010
906552622976:921916285460,546952974548,911139191138,1019641502658
1080691540821:930628149540,672554382999,472686478509,905277511695
730572243563:421054052224,837032338259,399508941469
937839670270:52901601023,683574406205,1068850127128
350033281777:578054058964,451341356054,250740950286
543086003686:504511430734
635041649815:137159066164,724758137303
283486613819:645692228166,554750228819,280885460295
637799958679:14900367716,789606047820,272954392789
595408527890:686378474659,913500707660,517412575898,811443347047
665040788169:233017680900
676087152946:946209007651,332297523279
390704166532:1013805554289,892555683357
924276436856:527409762237,174006488071,848958983132,269587673672
862332036687:280672609834
1085062758008:275151283446,251053148389,131590403491
959414119266:904980509380
470728962578:509304182922,325666042566
738753848550:818940950445,729542102200
488191427178:319651088444,655154143860,1092831062202,222418926079
971988475985:687076918814
163153225933:1060009014768,518473280291,664232244875
367721694873:504078078891
1050409886193:395168284916,927266857803,135645564950,864669280155
105812531077:816218658789
359803564043:792053357425,293323516493,555083325851,962310856569
278817056298:839856670174,342073855670
847217461099:951512351151
853983051421:547619987789,582837305246,115864271823,621178456780
36917143336:502964695055,212669032688,563198183947
665798282615:460586946676,222882105942
1075133950468:634517258849
365875039616:683341546073,702690324737,65040650386,1012847802739
915827640525:518232278086,13012731555
712054926553:273423774411
733760008385:498913992445,73787790573,873840212599,461464574996
528116820716:965154459272,199785341820
333374825962:713624881196,867158078174,181924441773,52249761302
348409324319:338997630163,803754637903
709639177691:555330119749,891526386223,798710388450
365340867182:933311451070
310188663545:1018096321143
173083803000:689210328967
863471410515:67048391211,1001990270066,737701344881
692094201904:346357961145,1079824707213,505763279578
292738141956:256368400891,34932762244,335920527896
844404777069:168500973986,8257433507,497469446206,720374375216
706907257459:162349897998,1071940647854,840089624999,381898783803
1002746579867:304371361799,1061046184373,129957075964
30135966627:807002433041
144615202389:355801245616
634864802690:898017115538,369863256985
116194818979:923009369170,163879931983
1079778976249:803593440216,816496765307,871388196781,975318625307
459694564611:300963283020
356153411457:450438282552
138203158167:807565343237,275941981743,627626699540,80103092872
347357892829:481014098793
369728341214:732884884637
1098875999111:412614588724,673747458701,761439832342
1068700002246:980862675127,677421062454
701417374498:674672238957
1040321751467:2225216110
1020517867075:186798585629,648612765032
90940164199:885017288673,128472401027,984332879038
945461226966:483185303472,74849664623,1074480884365
282989589215:781060911932,634028783640
1065954986986:956416286709,465844676251
42938293670:628568665373,117194164709
995580021989:711808837189,93478053342,635267612928
151849348675:506197502655
901410312227:558326123768,1035586950402
352979113397:432317402150
950338968645:347880972217,544949921637
1095605375075:783934258689,112641879730
702905786933:875279729052
1040454052895:1059538195150,149733089988
722068047385:105497684760,806054267692,759857923632
67374693237:1040241920160,232687047295,608293494169
920418849052:707768879952
333749904568:121231938742,603805881234,638472740097,107403340635
479052068370:240025785942
843200717561:146192984609,965696324037
88518260303:585974624859,610242571239,457314579866,987851823739
1034635486226:980190233847,76290678585,484629078240
45096780040:984732965971
1029434545368:476983600285,1062973756523
233924156078:500764004032,821420923388
801785369272:16818748863,353807959347
961243760317:107238076431,747859873888,537199560712
856190766854:1087236405078
98677907376:679875749073,114259257526,526541909487
952577082688:1083028978561,401028990899,387570710466
632493610539:719842990184,948245635518
319192348225:897647641189,342980254786,688057442210
950410173312:597942735649,534078846699
725381187501:908366865973,567605826745,1017249595744
738712472485:134447913868,654236340198,298500184864
426898249551:1031638428240,291115629778,759878743963,738567976610
1014609600269:57828945884,959051193402,872683091581
683360539411:885749147193,308940982497
711425174846:839764655072,569395635268,71173980391
243313343738:1042734685509,14167035117
737786182546:342789218359,782927271102,827230479070
580928899192:905132658143,288487388315,149645250807
460863879784:482019876392,327031608817
798539034975:79111083196,351554433313,499781689124
578660258927:105017294359,741839951391
848847605689:744310160040,777452964706,566020471105,473810381571
470924379100:136817668419
356303641051:382546486078,532813533577,371521365568,931495568712
215968446067:482929368816,1059339631824,419119186418,268638499675
844572361603:300144897637,596141742129,617620620727
946552296070:821992979638
410216365726:119850329847,1030921041273
840427818789:68706258813,280619335480
1021078226789:888606300857
864581546202:34452006646,813513646908,66215705597
346485819138:531594945573,262494990836,858288213025
675408342929:393983301041,474494802564,896797440923,771124780131
276825731505:698681308734
642654580333:320582783089,902048317158,181817431240,493363520306
359318295185:109767235070,983408283526,593785663332
747245152484:119565022334,1015028110756,904746699084
796360051518:445691558000,107034281241,536860105383
669527336056:192299343230,374228212938,492876599780
878902188233:785252986551
1023789557065:655373772506
1050269475588:746042087667
643183571162:230002724183,795165507185,381148193700,455933857351
851496125392:967909870300,389675874930,284215418091
747632680115:487378998021,118158051252
385208670815:451149203707,720829516986,919542157179,308025026368
617788374571:260516269183,496389666772
823547659180:522494255444,563959793866,472846392674,744288857014
464171712345:79846059295,89636344593
551718524724:178827267712,964188103516
93716134995:571506979588,614072749743,313966962581
160631978396:723310626522,558484700376,819535317983
358017370757:681960246998,33665547419
941226326560:1040319984187
79975745243:1047093887623,930361053027,780963579042
672347914532:799641907241,930299258880,1010816386142,305491480221
1008179460168:379569948450,67976362028
1087960929259:587895423872,98306963190,255296026548,978364561669
285663475687:270254326313,819953206002,480398463934,1090087105955
492433179818:445908711130,539940279416,671257470289,931685969076
887701516522:873012147937,1081860945827,394345310494
604696173261:604170155231,643237608175,846960121892
210008511048:371175843221,1002155029447,316052052494
716063635337:611754989775,344555634757,920663168387
625520414140:462556466154,5373773115
87988514542:432932610063,1016124450304,441980868073
932010754994:18203498858,970352264752,40426929706,252389004942
262057130262:915578387542,985635955164,274230340700
290450549818:793262515296,217709686108,430262558147
332617295986:367577406392,839430881056,492703369492
767257913576:431366317824
822044276456:1054755529208,947236239877,297790699538
60420961475:340360053105
474734159698:295630432645,10585717106,498865123390
47599838602:726740163358
680362092364:466261592955
81865890538:974072030544,841615561537,858197684854,838307949926
766873209491:501818910841,586305179502,435135029325
1094997999772:1077903731075,412472401893
101619312607:585109633406
843975424345:913205552698,516401922998,1004626833344,90766832378
270587990214:180143555071,128050766319
826178428258:256221890184
504355243398:413094129536,268374891249
879660376851:1035398824928,576097613697,224364576058,649177490362
846093203068:346400602427,701782350497,454807224873
708310587421:554015838781
1006520166468:373626254842,476976936990,672302385745,777700421271
795601782656:127002617034
380907690762:576521529609,919998668794,586253965122,192673824755
397792982273:120040157109,89325415580,248850833230
446301219123:193869177962,899411671610,981929509041
179404320666:36869399237,695847606045,373450889181,446536481228
827354009087:77005234422
920736256130:951264744883,898668693558
760452039754:1064565944310,75349239015
400870406196:37697438468,905213539626,322164779167,198169002557
450121710462:586793664351,577779268732
30576289208:184488734309
336102945932:26920715923
772989063031:628803355226,913173395733,957764212794,863417581274
1005808735595:1071864776354,657571242571
380625426370:446940698909,929054105007
776434791818:306646214541,731121973025,94927778547,733634048594
706902023004:625818529124,739145391672,99370539543,399212562995
856671639949:509650772706
219877563985:805977462987,598579361351,90831613978,749339015238
830036793458:673178632243,924817433388
198137971770:33009401232
546510219206:700772637514
550971869204:220959445611,118244097372,416363505304,348355604462
474401677831:547784593109,605150930915,431477056151
1095385471801:927810258761
72683199371:572540910209,237309123044,16011140019,60932105241
257514907007:738217659900,210259075197,299118906663,773168131196
1090220311139:25094024856
430649323036:316222293791,283547012836,594053150187,421764809900
1035666618665:49723284258,377137597579
721171705752:483401698564,472824086507,387124718260
520493192182:587218563473,322395678564
930921635178:25189165224,1019362582411,1015560463035
861290549102:963225702924,457999858197,643730001923,453486740987
915384233569:472874745568,195548992503
483633683235:698683934868,58398044355
585311330748:340252461331
519396608244:649297956249
762287406448:807010949711,404844889173,1078572205932,977750070200
681362509156:929946145125,742227973607,31627363243,713388683826
810180656716:424927506014
110832022628:1080620111139,226111760160,220119444059,189162241330
836609653330:406222338832,664398909292,826167191123,361363920577
393680658274:811511016291,821701526478,817956155431,532825333128
372968515992:990755299241,866564989858,135618036571,352592999730
408635129634:220993972742
245270779484:1008983537377,708483828878,488432329780,682205410245
849345862869:708075966890
345447605205:284249459199,1004194486784,445083569335
1071666515059:411159222439
928488559066:964290287870
596228787489:314898335325,934786922558,43129488102,489924203445
196077811367:806595291719
458825907237:623929767837,440966223477,349002937349,178622167511
516247050369:15210502288
400342405252:982589014180,592209978811,438682362923
418356030869:364949313035,840615190035,823718322911,845573136144
1058104060380:10446907855
624614229839:28103491512,199667872742,885478864060,100216479571
104203238132:914183882002,420068956675
867496881745:800896279147,803370765973
791667395311:588527781448,600588515420
990431518337:1022891867375,17510716082
566574622752:408490887145
797205379118:261371975291
407547022941:128884142525,68070531314
979720291603:238055092084,80522727897
980209903449:252261034967,327298344160
693844953509:774221172660,898967709496,800496910612,832970460516
454837636760:418835654677,299175558954,381123737557,71413928065
523030926266:607299306699,258056066386
466958536542:1011280801070,596223282491
693067383728:768379176750,645132149645,802428101307,688881345748
1039202781370:608664288087,432171295895,52618440348
720845877602:84879656035
1054788460199:384031207759,1077575334633
6584257856:949615683148,317319165771,371313364533,241289046710
742023616866:483163039394,176929037501,608759087806,316187131425
45392830896:56125860803,943668319439,505820388772,907077918847
536338770561:91380802592,526996797880
245748978971:1025456059648,672654394213
789355086741:671996727418
520005927601:844189181115,695015220287
374940513485:869489174218
701120125963:1022306856880
221569262761:195108099555,769695172167,234375247196
712304443343:892712097574
52616987647:1049525627412,857477624678,506104380905,449360980619
119866922204:480819066574,961281471172
542602200923:418039030172,517829983958
208752927808:277981833235,974037020527
967283458527:197433483737,306684396946,1043400540362,661295156929
823369309518:617688052869,426739300129,698735466672
253617221988:290476175809
655315365091:1027078263975,2732345152,266081445205
607764008309:449874309657,174255994875,55374455675,148101859701
300887796219:529388634212
765893360300:1055041427643,761740585577
295983373110:959864324323,920853198636
93278293073:503819962408
688825285654:788672382108
95338603629:1093461098789,403111885163,882749004583,907742288511
529208008516:1045148748817,787512687390,713800054939,732772580446
775360827127:460744832895
346657569651:292688484618
763828067499:998271233497
934926229342:978426793520,609149801016,983878155144
1094734713690:943410315632,954487617374,868578606933,38252501597
27087101719:887430280061
937305498171:1030940733320,159106889724,1043311922950
477084269187:678417789414,227381321214
115153366985:321140790440,620692985488
504392190081:749789677686,123843563717,86103283835
577926551677:814453417156,1008737751172,602522755964
649139605723:246209184239,961533810743
695808979400:1018029128345,598637157568,992291574074
705691538460:450313497789
600359927914:360946647200,620564829810,669393252681
157210680970:723720751868
728899577209:270767880495,712285619611,545833495008,640339439893
196239865604:9999880542,838313808185,755093780801,289218446331
860545563970:807244900647,68388171449,27101971171
749742753891:507192078690,655474882735,249399909831,813500942695
849686745776:660263671092,21977665650,470828787156,141815080905
978647759742:458157006853,35823503325
883840540066:883193796971
1038935329674:811663115275,783041466611
641324079595:837672198215
412824463323:706049502423,639523006451,964485614540,605095861316
391308722847:416811894448,152161842723,609960821154
672483565423:253042019067,536049189543
855480007557:699083445120,237285087383
305657870999:915415232129,91659513276,434409489126,906596618066
899845277246:113043969243,441923973206
947446074816:1009375468607,114093270087,795475751856
168322154925:286856634713,792662942036
606776881318:314714028305,193178879729,452333487068,576899317255
592281279559:680783765594,1019735576085,634446768337
568977483875:431444441111,233722581089
1025364910382:104717536212
408835089727:919428478965
958293561451:591759682192,298543139910
205531479953:902333842464,339404159729,967949148657
357781669244:335095815314,144144499280,1031730246664
70616885301:841332643245,389868620379
1042502106634:554048807799,661895867638,747127425282
776274425888:913449664345,610584255892,320371850930
91316770481:39366126633
392039946098:281450955609,1056411777715,857883432852
79284045812:300510551457,303681003976,410378646915,1045453772910
31053062279:355329043275,994050378310
99468068259:991572001282
589851670156:174018370554,253118163285,513365164646
890578657073:918230649893,548254156051,940917657323,728423324717
948375707217:748302825309,585072352281
186956442976:1036940547837,763904251912,670985553086
672071946412:1042077938086,426889069746
399090239146:850376933061,1005962037404
562702299842:328579227874,91429801314,970049822414,836629194974
1087093120706:818249592828,755495092251
1009468891238:815600652831,409833845862,902856718118
881768624018:437702264270,663686468799,324333468458
778088599834:923863552530
453707020711:94724609356
741248764305:786354055634,263120423563,82080005627,425511625285
723860341600:296385863266
895926085658:70610733773,253951826191,298324046657,1054877087790
579572054013:1097048485403,704894071908,359264851319
92100496907:820623704567,83472062291,632017463679
776661301913:600260833533,60885800460,685099478480,15744293064
972344407634:9055957280,890312267453,347954312099
362948344760:823544248080,574804561447,666674356616,945878154702
449153571871:381955446749,364901027732
541611003564:819614856020
837576953906:220480700148,998591933585
673244323560:276681556647,853293637880
928596359664:617498758651,479179417671
315901132026:767026811982,789856568268
355718453522:218954802109,339917289011
317430919284:1008953078951,923006395881,852511903079,984487979814
650084185069:1087421641043,991590386153,149248217273,770417948598
282725062339:537541853415,436653370301,731811025429
777588917752:753531314580,241142640036
999020066197:816943036953,50495607437,661079720274,795318122796
405153811765:66081394100,72924478178,942186406013,593136950447
1005585701010:1037261891721,521831566384,449964554217,134563337948
317235674720:855647817711,256729190409
341079932565:462653458407,765367405353,476113098410
698720501915:951751610490,946835230642,717131680272,732660089697
204323720446:521396542878,423681425467,610826490663,16501166262
183612333199:262895937987,174739242572,178570949012
346177239385:152024656391,340256354425
455385997657:788304045241,1098589753056
816008486626:963171859243,459363831842,887562122871
566772389964:864310475176,422525702430,921271865714
22580417912:1023906047779,389021036735,284922433317
172194331822:885935426307,109611749079
11853560390:130625645091,470459598446
561224912581:274619676398
76258647318:892216676460,466490016197
850386053063:552321936495,412556798754,291326673877
682042967892:1095967491270
440872955469:598204294919,705237077956,939868581880,838628256354
806280153250:443846586023,192523008438,694612146024,94399033619
545496271024:668389144795
242481713866:581773500436
1097821244219:636885400211,755817092502,694733437999,493958462893
636191182365:984595181721,305342576444,1012990457182
713521835606:262951983635,312991908800,577239265637
990622269943:756272245169,703036226341,606839777504
828322501329:259041755224,1099231498007
288086787404:565015492532
461547256352:269458264406,477849517992,5289430231
755876342856:350185374464,743960058458,379547599906,560220214835
971146830018:894921211635,240586853784,415726100520
602552845604:782687783430,673609595751
837248855241:1028160663337
569866376036:49689081435
345891600650:636767451204
14157104971:198870043507,127593707845,896685690736,373766979397
852393936282:113223922786,488986774236,217910850330,985885273269
492380229317:924579866074,1025622139946
344756232825:426185991611,557975434170,1096583983931,1074787355658
996518339976:183263877298,816224765735,521157132017
60954358659:810929121293,406846322700
203302585633:369153348411,617946172423,705321042991,266535692181
889205956751:301208429833,1034240136144
358841092629:772424951582,680184931312,765571409636,252326025195
740545615335:557369132234,285966846541,1041582064166
318480791551:237673768587
292474762939:603735580763,148894694202,799221638180,482469971529
287341629562:1056071001034,333606001500,43766515709
747138297032:934918709369,530095757000
435531212014:1059745677904,259126848935
136653895134:505397732015,264992297015,111613349444
804726757996:940378402296,1088593217600,665275098596
928276925616:98486821932,161377697467,415435932006
321425693731:223541606203,253223155020
867155018509:418230038762,596788734664
548147616690:28452841546,738372770774
175981351949:842631210418,598640060763
950974090722:438715770638
128665723078:103719654058,816921086085
645329572836:830440648857,1099467775356,165957933722
261419438294:842172320079
454992825423:690515464973,378045629174,933976897441,620614497256
361957074925:884680867019,219169093882,538785299537,1026772734761
303918986497:1001562935712
997286957584:478143121385
758683234348:612952639518
436419715359:60194524406,546358126118,237654254627
242607621357:543103812920,210364629034
397851800228:32731543715,1043044005435,856977558212
40945122136:935326521784,8653477863
45197879212:1066472462582,829030818949,692296176466,643060590199
895747668639:189993486374
956494049129:808574463568
430212968071:700302426033,946234763120,21040376857
685762208002:844561868860,988645136400,157891604196
413582249923:896340165700
566112784593:902944470380,616614608450,395979194597
65528251080:183152281820,415042663979,283766034737
84347353860:272289488365,651097426675,776541135629
882508439033:882577710889
564267136262:581381745437,512798941570,132762762205
190498256698:628548447045,862807460309
401608257424:420906290420
498888300549:1048041654964,36262926795,89097537121
1061486266799:971674230364,391271251383,1073547721915
1035087124220:1046404707075
916508144027:294694393821,331552190557,586040894541
1010330912935:213516495391,564226854985,594554241991,606600551728
1050260798299:1054355599442,185353944092
523800673063:575941371851,689886435780
713273777989:843661407037,487277347776
514207940899:575567458544
8028396748:448972437700,708854755073
1082332927065:832557238223,926629029200,445581842498,1000860456663
276846853788:409152049538,132634017141,153119305585
928800204443:796797152650,141448300558,375662746618,422567247230
116439615201:799192006412,531995396697
192977749375:4019657455,782555982964
1034260030961:405849169868
901994690916:263607860394
589926471425:374484469993
186473139189:29612591443,320989193600,106637399089
817751298126:192088968517,457728507608
963300561611:687998046433,578786767082,203555548864
283499680652:784275878864,444566555373,650526741824,614508360940
303381706348:317255531199,933962030998
55429604992:1081975905604,807667214909,137283891678,240919655567
1053028317911:132138371446,935410108356,1015234822276
217153048583:410954445681,591763389857
5996243429:1076766958430
230524538767:916375792830,1070300792390,296734742057
521015274327:165349456778
169853070421:876536468446,342755046081,414353892438
403053262355:520240352138,923374112602,1082616435210,916256357510
423911835752:363708301194,1046391383107,942995114982,82808959051
1017124842638:417772643835,710425382611,426876079513
673473168404:393268446081,136954098507,90673388510
753831825106:246338516084,976321455667,720126583315,345032643175
319306118578:413516087704,79286547343,261194239710
21653627118:973041503897,696044733964,640213801639
727186493617:953730593298,912474744914,562309024741
498317879933:121064531654,156253160084
